2025-08-13 20:06:30,324 - INFO: ================================================================================
2025-08-13 20:06:30,325 - INFO: Polymarket batch fetcher started
2025-08-13 20:06:30,331 - INFO: URLs      : 10
2025-08-13 20:06:30,331 - INFO: interval  : max | fidelity: 1
2025-08-13 20:06:30,343 - INFO: trades    : True | book: True
2025-08-13 20:06:30,364 - INFO: batch dir : runs\20250813_200630
2025-08-13 20:06:30,364 - INFO: ================================================================================
2025-08-13 20:06:30,365 - INFO: ----- [1 / 10] https://polymarket.com/event/which-company-has-best-ai-model-end-of-august
2025-08-13 20:06:31,697 - INFO: Market 1 / 12
2025-08-13 20:06:31,698 - INFO: • Will Google have the top AI model on August 31?
2025-08-13 20:06:32,395 - INFO: Fetching trades for token (decimal): 720831724410737641305294174414...
2025-08-13 20:07:45,926 - INFO: Trade fetch complete: 50000 total trades fetched, 0 matched token
2025-08-13 20:07:45,927 - WARNING: No trades found for token
2025-08-13 20:07:45,946 - INFO: Fetching trades for token (decimal): 852587373637317520846992496321...
2025-08-13 20:08:57,231 - INFO: Trade fetch complete: 50000 total trades fetched, 65 matched token
2025-08-13 20:08:57,311 - INFO:   ✓ trades NO → runs\20250813_200630\which-company-has-best-ai-model-end-of-august\which-company-has-best-ai-model-end-of-august-will-google-have-the-top-ai-model-on-august-31-trades_no.csv (65 rows)
2025-08-13 20:08:57,613 - ERROR: HTTP 400 – {"error":"Invalid token id"}

2025-08-13 20:08:57,613 - WARNING: No order book for YES token (might be resolved/inactive): 400 Client Error: Bad Request for url: https://clob.polymarket.com/book?market=0xfefc3529459a46d28d7
2025-08-13 20:08:57,927 - ERROR: HTTP 400 – {"error":"Invalid token id"}

2025-08-13 20:08:57,928 - WARNING: No order book for NO token (might be resolved/inactive): 400 Client Error: Bad Request for url: https://clob.polymarket.com/book?market=0xbc7ebc3a4b41cd5c0ae
2025-08-13 20:08:57,935 - INFO:   ℹ️ No order book data (market may be resolved/inactive)
2025-08-13 20:08:57,953 - INFO:   ✓ metadata → runs\20250813_200630\which-company-has-best-ai-model-end-of-august\which-company-has-best-ai-model-end-of-august-will-google-have-the-top-ai-model-on-august-31-metadata.json
2025-08-13 20:08:57,955 - INFO: Market 2 / 12
2025-08-13 20:08:57,958 - INFO: • Will another company have the top AI model on August 31?
2025-08-13 20:08:58,562 - INFO: Fetching trades for token (decimal): 125070412273918087140420404647...
