2025-08-13 22:08:59,337 - INFO: ================================================================================
2025-08-13 22:08:59,338 - INFO: Polymarket batch fetcher started
2025-08-13 22:08:59,344 - INFO: URLs      : 10
2025-08-13 22:08:59,355 - INFO: interval  : max | fidelity: 1
2025-08-13 22:08:59,356 - INFO: trades    : True | book: True
2025-08-13 22:08:59,356 - INFO: batch dir : runs\20250813_220859
2025-08-13 22:08:59,368 - INFO: ================================================================================
2025-08-13 22:08:59,377 - INFO: ----- [1 / 10] https://polymarket.com/event/which-company-has-best-ai-model-end-of-august
2025-08-13 22:09:00,517 - INFO: Market 1 / 12
2025-08-13 22:09:00,517 - INFO: • Will Google have the top AI model on August 31?
2025-08-13 22:09:01,221 - INFO: Fetching trades for token (decimal): 7208317244107376413052941744149505289038231717682924937889270095719324965159
2025-08-13 22:10:05,092 - INFO: Trade fetch complete: 50000 total trades fetched, 35 matched token
2025-08-13 22:10:05,319 - INFO: Fetching trades for token (decimal): 85258737363731752084699249632169994536598997877611902565030969778961005941927
2025-08-13 22:11:13,776 - INFO: Trade fetch complete: 50000 total trades fetched, 63 matched token
2025-08-13 22:11:13,796 - INFO:   ✓ trades YES → runs\20250813_220859\which-company-has-best-ai-model-end-of-august\which-company-has-best-ai-model-end-of-august-will-google-have-the-top-ai-model-on-august-31-trades_yes.csv (35 rows)
2025-08-13 22:11:13,815 - INFO:   ✓ trades NO → runs\20250813_220859\which-company-has-best-ai-model-end-of-august\which-company-has-best-ai-model-end-of-august-will-google-have-the-top-ai-model-on-august-31-trades_no.csv (63 rows)
2025-08-13 22:11:14,427 - INFO:   ✓ book YES → runs\20250813_220859\which-company-has-best-ai-model-end-of-august\which-company-has-best-ai-model-end-of-august-will-google-have-the-top-ai-model-on-august-31-orderbook_yes.csv (40 rows)
2025-08-13 22:11:14,434 - INFO:   ✓ book NO → runs\20250813_220859\which-company-has-best-ai-model-end-of-august\which-company-has-best-ai-model-end-of-august-will-google-have-the-top-ai-model-on-august-31-orderbook_no.csv (40 rows)
2025-08-13 22:11:14,443 - INFO:   ✓ metadata → runs\20250813_220859\which-company-has-best-ai-model-end-of-august\which-company-has-best-ai-model-end-of-august-will-google-have-the-top-ai-model-on-august-31-metadata.json
2025-08-13 22:11:14,445 - INFO: Market 2 / 12
2025-08-13 22:11:14,445 - INFO: • Will another company have the top AI model on August 31?
2025-08-13 22:11:15,081 - INFO: Fetching trades for token (decimal): 12507041227391808714042040464771956426592086391362171486340298075986791005128
