2025-08-13 20:27:36,035 - INFO: ================================================================================
2025-08-13 20:27:36,036 - INFO: Polymarket batch fetcher started
2025-08-13 20:27:36,041 - INFO: URLs      : 10
2025-08-13 20:27:36,052 - INFO: interval  : max | fidelity: 1
2025-08-13 20:27:36,054 - INFO: trades    : True | book: True
2025-08-13 20:27:36,056 - INFO: batch dir : runs\20250813_202736
2025-08-13 20:27:36,056 - INFO: ================================================================================
2025-08-13 20:27:36,057 - INFO: ----- [1 / 10] https://polymarket.com/event/which-company-has-best-ai-model-end-of-august
2025-08-13 20:27:37,078 - INFO: Market 1 / 12
2025-08-13 20:27:37,079 - INFO: • Will Google have the top AI model on August 31?
2025-08-13 20:27:37,998 - INFO: Fetching trades for token (decimal): 720831724410737641305294174414...
2025-08-13 20:28:42,995 - INFO: Trade fetch complete: 50000 total trades fetched, 50 matched token
2025-08-13 20:28:43,042 - INFO: Fetching trades for token (decimal): 852587373637317520846992496321...
2025-08-13 20:29:51,578 - INFO: Trade fetch complete: 50000 total trades fetched, 0 matched token
2025-08-13 20:29:51,579 - WARNING: No trades found for token
2025-08-13 20:29:51,646 - INFO:   ✓ trades YES → runs\20250813_202736\which-company-has-best-ai-model-end-of-august\which-company-has-best-ai-model-end-of-august-will-google-have-the-top-ai-model-on-august-31-trades_yes.csv (50 rows)
2025-08-13 20:29:52,142 - ERROR: HTTP 400 – {"error":"Invalid token id"}

2025-08-13 20:29:52,144 - WARNING: No order book for YES token (might be resolved/inactive): 400 Client Error: Bad Request for url: https://clob.polymarket.com/book?market=0x0fefc3529459a46d28d
2025-08-13 20:29:52,557 - ERROR: HTTP 400 – {"error":"Invalid token id"}

2025-08-13 20:29:52,560 - WARNING: No order book for NO token (might be resolved/inactive): 400 Client Error: Bad Request for url: https://clob.polymarket.com/book?market=0xbc7ebc3a4b41cd5c0ae
2025-08-13 20:29:52,580 - INFO:   ℹ️ No order book data (market may be resolved/inactive)
2025-08-13 20:29:52,619 - INFO:   ✓ metadata → runs\20250813_202736\which-company-has-best-ai-model-end-of-august\which-company-has-best-ai-model-end-of-august-will-google-have-the-top-ai-model-on-august-31-metadata.json
2025-08-13 20:29:52,665 - INFO: Market 2 / 12
2025-08-13 20:29:52,666 - INFO: • Will another company have the top AI model on August 31?
2025-08-13 20:29:53,477 - INFO: Fetching trades for token (decimal): 125070412273918087140420404647...
