2025-08-08 06:56:04,453 - INFO: ================================================================================
2025-08-08 06:56:04,454 - INFO: Polymarket batch fetcher started
2025-08-08 06:56:04,458 - INFO: URLs      : 10
2025-08-08 06:56:04,459 - INFO: interval  : max | fidelity: 1
2025-08-08 06:56:04,468 - INFO: trades    : True | book: True
2025-08-08 06:56:04,469 - INFO: batch dir : runs\20250808_065604
2025-08-08 06:56:04,470 - INFO: ================================================================================
2025-08-08 06:56:04,471 - INFO: ----- [1 / 10] https://polymarket.com/event/which-company-has-best-ai-model-end-of-august
2025-08-08 06:56:05,782 - INFO: Market 1 / 12
2025-08-08 06:56:05,783 - INFO: • Will Google have the top AI model on August 31?
2025-08-08 06:56:07,423 - INFO:   ✓ prices → runs\20250808_065604\which-company-has-best-ai-model-end-of-august\which-company-has-best-ai-model-end-of-august-will-google-have-the-top-ai-model-on-august-31-prices.csv (4560 rows)
2025-08-08 06:58:46,570 - INFO:   ✓ trades YES → runs\20250808_065604\which-company-has-best-ai-model-end-of-august\which-company-has-best-ai-model-end-of-august-will-google-have-the-top-ai-model-on-august-31-trades_yes.csv (50000 rows)
2025-08-08 07:06:22,402 - INFO:   ✓ trades NO → runs\20250808_065604\which-company-has-best-ai-model-end-of-august\which-company-has-best-ai-model-end-of-august-will-google-have-the-top-ai-model-on-august-31-trades_no.csv (50000 rows)
2025-08-08 07:06:23,259 - ERROR: HTTP 400 – {"error":"Invalid token id"}

2025-08-08 07:06:23,259 - WARNING:  No order book for YES token (might be resolved/inactive): 400 Client Error: Bad Request for url: https://clob.polymarket.com/book?market=720831724410737641305
2025-08-08 07:06:23,665 - ERROR: HTTP 400 – {"error":"Invalid token id"}

2025-08-08 07:06:23,665 - WARNING: No order book for NO token (might be resolved/inactive): 400 Client Error: Bad Request for url: https://clob.polymarket.com/book?market=852587373637317520846
2025-08-08 07:06:23,673 - INFO:   ℹ️ No order book data (market may be resolved/inactive)
2025-08-08 07:06:23,688 - INFO:   ✓ metadata → runs\20250808_065604\which-company-has-best-ai-model-end-of-august\which-company-has-best-ai-model-end-of-august-will-google-have-the-top-ai-model-on-august-31-metadata.json
2025-08-08 07:06:23,775 - INFO: Market 2 / 12
2025-08-08 07:06:23,778 - INFO: • Will another company have the top AI model on August 31?
