2025-08-13 20:16:33,476 - INFO: ================================================================================
2025-08-13 20:16:33,476 - INFO: Polymarket batch fetcher started
2025-08-13 20:16:33,483 - INFO: URLs      : 10
2025-08-13 20:16:33,493 - INFO: interval  : max | fidelity: 1
2025-08-13 20:16:33,493 - INFO: trades    : True | book: True
2025-08-13 20:16:33,494 - INFO: batch dir : runs\20250813_201633
2025-08-13 20:16:33,495 - INFO: ================================================================================
2025-08-13 20:16:33,496 - INFO: ----- [1 / 10] https://polymarket.com/event/which-company-has-best-ai-model-end-of-august
2025-08-13 20:16:34,463 - INFO: Market 1 / 12
2025-08-13 20:16:34,464 - INFO: • Will Google have the top AI model on August 31?
2025-08-13 20:16:35,251 - INFO: Fetching trades for token (decimal): 720831724410737641305294174414...
2025-08-13 20:17:45,374 - INFO: Trade fetch complete: 50000 total trades fetched, 64 matched token
2025-08-13 20:17:45,435 - INFO: Fetching trades for token (decimal): 852587373637317520846992496321...
2025-08-13 20:18:55,692 - INFO: Trade fetch complete: 50000 total trades fetched, 108 matched token
2025-08-13 20:18:55,761 - INFO:   ✓ trades YES → runs\20250813_201633\which-company-has-best-ai-model-end-of-august\which-company-has-best-ai-model-end-of-august-will-google-have-the-top-ai-model-on-august-31-trades_yes.csv (64 rows)
2025-08-13 20:18:55,780 - INFO:   ✓ trades NO → runs\20250813_201633\which-company-has-best-ai-model-end-of-august\which-company-has-best-ai-model-end-of-august-will-google-have-the-top-ai-model-on-august-31-trades_no.csv (108 rows)
2025-08-13 20:18:56,157 - ERROR: HTTP 400 – {"error":"Invalid token id"}

2025-08-13 20:18:56,158 - WARNING: No order book for YES token (might be resolved/inactive): 400 Client Error: Bad Request for url: https://clob.polymarket.com/book?market=0x0fefc3529459a46d28d
2025-08-13 20:18:56,467 - ERROR: HTTP 400 – {"error":"Invalid token id"}

2025-08-13 20:18:56,468 - WARNING: No order book for NO token (might be resolved/inactive): 400 Client Error: Bad Request for url: https://clob.polymarket.com/book?market=0xbc7ebc3a4b41cd5c0ae
2025-08-13 20:18:56,469 - INFO:   ℹ️ No order book data (market may be resolved/inactive)
2025-08-13 20:18:56,475 - INFO:   ✓ metadata → runs\20250813_201633\which-company-has-best-ai-model-end-of-august\which-company-has-best-ai-model-end-of-august-will-google-have-the-top-ai-model-on-august-31-metadata.json
2025-08-13 20:18:56,477 - INFO: Market 2 / 12
2025-08-13 20:18:56,479 - INFO: • Will another company have the top AI model on August 31?
2025-08-13 20:18:57,171 - INFO: Fetching trades for token (decimal): 125070412273918087140420404647...
